<?xml version="1.0" encoding="UTF-8"?>
<!-- Generated by org.testng.reporters.JUnitReportReporter -->
<testsuite skipped="0" hostname="DESKTOP-QONEH43" name="com.syntax.testcases.LoginPageTest" tests="1" failures="0" timestamp="16 Jun 2019 18:37:17 GMT" time="8.920" errors="0">
  <testcase name="negativeLogin" time="8.920" classname="com.syntax.testcases.LoginPageTest"/>
</testsuite> <!-- com.syntax.testcases.LoginPageTest -->
