<?xml version="1.0" encoding="UTF-8"?>
<!-- Generated by org.testng.reporters.JUnitReportReporter -->
<testsuite skipped="1" hostname="DESKTOP-QONEH43" name="com.syntax.testcases.LoginPageTest" tests="2" failures="0" timestamp="09 Jun 2019 17:32:00 GMT" time="9.893" errors="0">
  <testcase name="doLogin" time="9.893" classname="com.syntax.testcases.LoginPageTest"/>
  <testcase name="loginToORangeHRM" classname="com.syntax.testcases.LoginPageTest">
    <skipped/>
  </testcase> <!-- loginToORangeHRM -->
</testsuite> <!-- com.syntax.testcases.LoginPageTest -->
